Word: the. Number: 398449
Word: be. Number: 20136
Word: to. Number: 99718
Word: of. Number: 190969
Word: and. Number: 138885
Word: a. Number: 145727
Word: in. Number: 166335
Word: that. Number: 42578
Word: have. Number: 15464
Word: i. Number: 2368
Word: it. Number: 59406
Word: for. Number: 38823
Word: not. Number: 16982
Word: on. Number: 34320
Word: with. Number: 27835
Word: he. Number: 34707
Word: as. Number: 35499
Word: you. Number: 1968
Word: do. Number: 4476
Word: at. Number: 20342
Word: this. Number: 20556
Word: but. Number: 14010
Word: his. Number: 20094
Word: by. Number: 33694
Word: from. Number: 26787
Word: they. Number: 23969
Word: we. Number: 1960
Word: say. Number: 1564
Word: her. Number: 7155
Word: she. Number: 8446
Word: or. Number: 26804
Word: an. Number: 21667
Word: will. Number: 4765
Word: my. Number: 605
Word: one. Number: 14914
Word: all. Number: 8351
Word: would. Number: 4292
Word: there. Number: 12819
Word: their. Number: 11654
Word: what. Number: 3320
Word: so. Number: 5568
Word: up. Number: 5565
Word: out. Number: 4619
Word: if. Number: 4923
Word: about. Number: 10929
Word: who. Number: 11351
Word: get. Number: 2766
Word: which. Number: 15791
Word: go. Number: 2117
Word: me. Number: 421
